# JRE version: Java(TM) SE Runtime Environment (8.0_201-b09) (build 1.8.0_201-b09)
# Java VM: Java HotSpot(TM) 64-Bit Server VM (25.201-b09 mixed mode windows-amd64 compressed oops)
Heap:
 PSYoungGen      total 218112K, used 67857K [0x000000076b900000, 0x000000077a500000, 0x00000007c0000000)
  eden space 208896K, 28% used [0x000000076b900000,0x000000076f2897f8,0x0000000778500000)
  from space 9216K, 97% used [0x0000000779c00000,0x000000077a4bafa0,0x000000077a500000)
  to   space 16384K, 0% used [0x0000000778500000,0x0000000778500000,0x0000000779500000)
 ParOldGen       total 254976K, used 28795K [0x00000006c2a00000, 0x00000006d2300000, 0x000000076b900000)
  object space 254976K, 11% used [0x00000006c2a00000,0x00000006c461ed00,0x00000006d2300000)
 Metaspace       used 62610K, capacity 65216K, committed 65496K, reserved 1105920K
  class space    used 8239K, capacity 8700K, committed 8704K, reserved 1048576K
GC Heap History (10 events):
Event: 5.036 GC heap before
{Heap before GC invocations=9 (full 2):
 PSYoungGen      total 145408K, used 133632K [0x000000076b900000, 0x0000000777d00000, 0x00000007c0000000)
  eden space 133632K, 100% used [0x000000076b900000,0x0000000773b80000,0x0000000773b80000)
  from space 11776K, 0% used [0x0000000774700000,0x0000000774700000,0x0000000775280000)
  to   space 11776K, 0% used [0x0000000773b80000,0x0000000773b80000,0x0000000774700000)
 ParOldGen       total 171008K, used 13922K [0x00000006c2a00000, 0x00000006cd100000, 0x000000076b900000)
  object space 171008K, 8% used [0x00000006c2a00000,0x00000006c3798928,0x00000006cd100000)
 Metaspace       used 45719K, capacity 47160K, committed 47448K, reserved 1091584K
  class space    used 5948K, capacity 6270K, committed 6272K, reserved 1048576K
Event: 5.043 GC heap after
Heap after GC invocations=9 (full 2):
 PSYoungGen      total 145408K, used 11749K [0x000000076b900000, 0x0000000778700000, 0x00000007c0000000)
  eden space 133632K, 0% used [0x000000076b900000,0x000000076b900000,0x0000000773b80000)
  from space 11776K, 99% used [0x0000000773b80000,0x00000007746f9458,0x0000000774700000)
  to   space 13312K, 0% used [0x0000000777a00000,0x0000000777a00000,0x0000000778700000)
 ParOldGen       total 171008K, used 14304K [0x00000006c2a00000, 0x00000006cd100000, 0x000000076b900000)
  object space 171008K, 8% used [0x00000006c2a00000,0x00000006c37f8020,0x00000006cd100000)
 Metaspace       used 45719K, capacity 47160K, committed 47448K, reserved 1091584K
  class space    used 5948K, capacity 6270K, committed 6272K, reserved 1048576K
}
Event: 6.588 GC heap before
{Heap before GC invocations=10 (full 2):
 PSYoungGen      total 145408K, used 145381K [0x000000076b900000, 0x0000000778700000, 0x00000007c0000000)
  eden space 133632K, 100% used [0x000000076b900000,0x0000000773b80000,0x0000000773b80000)
  from space 11776K, 99% used [0x0000000773b80000,0x00000007746f9458,0x0000000774700000)
  to   space 13312K, 0% used [0x0000000777a00000,0x0000000777a00000,0x0000000778700000)
 ParOldGen       total 171008K, used 14304K [0x00000006c2a00000, 0x00000006cd100000, 0x000000076b900000)
  object space 171008K, 8% used [0x00000006c2a00000,0x00000006c37f8020,0x00000006cd100000)
 Metaspace       used 51475K, capacity 52926K, committed 53336K, reserved 1095680K
  class space    used 6685K, capacity 6965K, committed 7040K, reserved 1048576K
Event: 6.596 GC heap after
Heap after GC invocations=10 (full 2):
 PSYoungGen      total 191488K, used 11913K [0x000000076b900000, 0x0000000778600000, 0x00000007c0000000)
  eden space 179200K, 0% used [0x000000076b900000,0x000000076b900000,0x0000000776800000)
  from space 12288K, 96% used [0x0000000777a00000,0x00000007785a2650,0x0000000778600000)
  to   space 14336K, 0% used [0x0000000776a00000,0x0000000776a00000,0x0000000777800000)
 ParOldGen       total 171008K, used 14312K [0x00000006c2a00000, 0x00000006cd100000, 0x000000076b900000)
  object space 171008K, 8% used [0x00000006c2a00000,0x00000006c37fa020,0x00000006cd100000)
 Metaspace       used 51475K, capacity 52926K, committed 53336K, reserved 1095680K
  class space    used 6685K, capacity 6965K, committed 7040K, reserved 1048576K
}
Event: 7.522 GC heap before
{Heap before GC invocations=11 (full 2):
 PSYoungGen      total 191488K, used 163060K [0x000000076b900000, 0x0000000778600000, 0x00000007c0000000)
  eden space 179200K, 84% used [0x000000076b900000,0x0000000774c9aaf8,0x0000000776800000)
  from space 12288K, 96% used [0x0000000777a00000,0x00000007785a2650,0x0000000778600000)
  to   space 14336K, 0% used [0x0000000776a00000,0x0000000776a00000,0x0000000777800000)
 ParOldGen       total 171008K, used 14312K [0x00000006c2a00000, 0x00000006cd100000, 0x000000076b900000)
  object space 171008K, 8% used [0x00000006c2a00000,0x00000006c37fa020,0x00000006cd100000)
 Metaspace       used 56955K, capacity 59022K, committed 59028K, reserved 1101824K
  class space    used 7394K, capacity 7805K, committed 7808K, reserved 1048576K
Event: 7.532 GC heap after
Heap after GC invocations=11 (full 2):
 PSYoungGen      total 195584K, used 14310K [0x000000076b900000, 0x000000077ac80000, 0x00000007c0000000)
  eden space 181248K, 0% used [0x000000076b900000,0x000000076b900000,0x0000000776a00000)
  from space 14336K, 99% used [0x0000000776a00000,0x00000007777f9a60,0x0000000777800000)
  to   space 16896K, 0% used [0x0000000779c00000,0x0000000779c00000,0x000000077ac80000)
 ParOldGen       total 171008K, used 16914K [0x00000006c2a00000, 0x00000006cd100000, 0x000000076b900000)
  object space 171008K, 9% used [0x00000006c2a00000,0x00000006c3a849c8,0x00000006cd100000)
 Metaspace       used 56955K, capacity 59022K, committed 59028K, reserved 1101824K
  class space    used 7394K, capacity 7805K, committed 7808K, reserved 1048576K
}
Event: 7.532 GC heap before
{Heap before GC invocations=12 (full 3):
 PSYoungGen      total 195584K, used 14310K [0x000000076b900000, 0x000000077ac80000, 0x00000007c0000000)
  eden space 181248K, 0% used [0x000000076b900000,0x000000076b900000,0x0000000776a00000)
  from space 14336K, 99% used [0x0000000776a00000,0x00000007777f9a60,0x0000000777800000)
  to   space 16896K, 0% used [0x0000000779c00000,0x0000000779c00000,0x000000077ac80000)
 ParOldGen       total 171008K, used 16914K [0x00000006c2a00000, 0x00000006cd100000, 0x000000076b900000)
  object space 171008K, 9% used [0x00000006c2a00000,0x00000006c3a849c8,0x00000006cd100000)
 Metaspace       used 56955K, capacity 59022K, committed 59028K, reserved 1101824K
  class space    used 7394K, capacity 7805K, committed 7808K, reserved 1048576K
Event: 7.683 GC heap after
Heap after GC invocations=12 (full 3):
 PSYoungGen      total 195584K, used 0K [0x000000076b900000, 0x000000077ac80000, 0x00000007c0000000)
  eden space 181248K, 0% used [0x000000076b900000,0x000000076b900000,0x0000000776a00000)
  from space 14336K, 0% used [0x0000000776a00000,0x0000000776a00000,0x0000000777800000)
  to   space 16896K, 0% used [0x0000000779c00000,0x0000000779c00000,0x000000077ac80000)
 ParOldGen       total 254976K, used 28787K [0x00000006c2a00000, 0x00000006d2300000, 0x000000076b900000)
  object space 254976K, 11% used [0x00000006c2a00000,0x00000006c461cd00,0x00000006d2300000)
 Metaspace       used 56955K, capacity 59022K, committed 59028K, reserved 1101824K
  class space    used 7394K, capacity 7805K, committed 7808K, reserved 1048576K
}
Event: 8.770 GC heap before
{Heap before GC invocations=13 (full 3):
 PSYoungGen      total 195584K, used 181248K [0x000000076b900000, 0x000000077ac80000, 0x00000007c0000000)
  eden space 181248K, 100% used [0x000000076b900000,0x0000000776a00000,0x0000000776a00000)
  from space 14336K, 0% used [0x0000000776a00000,0x0000000776a00000,0x0000000777800000)
  to   space 16896K, 0% used [0x0000000779c00000,0x0000000779c00000,0x000000077ac80000)
 ParOldGen       total 254976K, used 28787K [0x00000006c2a00000, 0x00000006d2300000, 0x000000076b900000)
  object space 254976K, 11% used [0x00000006c2a00000,0x00000006c461cd00,0x00000006d2300000)
 Metaspace       used 59904K, capacity 62462K, committed 62680K, reserved 1103872K
  class space    used 7878K, capacity 8329K, committed 8448K, reserved 1048576K
Event: 8.776 GC heap after
Heap after GC invocations=13 (full 3):
 PSYoungGen      total 218112K, used 8939K [0x000000076b900000, 0x000000077a500000, 0x00000007c0000000)
  eden space 208896K, 0% used [0x000000076b900000,0x000000076b900000,0x0000000778500000)
  from space 9216K, 97% used [0x0000000779c00000,0x000000077a4bafa0,0x000000077a500000)
  to   space 16384K, 0% used [0x0000000778500000,0x0000000778500000,0x0000000779500000)
 ParOldGen       total 254976K, used 28795K [0x00000006c2a00000, 0x00000006d2300000, 0x000000076b900000)
  object space 254976K, 11% used [0x00000006c2a00000,0x00000006c461ed00,0x00000006d2300000)
 Metaspace       used 59904K, capacity 62462K, committed 62680K, reserved 1103872K
  class space    used 7878K, capacity 8329K, committed 8448K, reserved 1048576K
}

